<?xml version="1.0" encoding="UTF-8"?>
<!-- Generated by org.testng.reporters.JUnitReportReporter -->
<testsuite name="com.qa.skinyties.testscript.AddToCartTest" tests="4" time="19.886" ignored="0" failures="0" timestamp="07 May 2021 09:42:45 GMT" skipped="0" hostname="IDP-LAP-145" errors="0">
  <testcase name="VerifyRemoveTieFromCart" time="2.589" classname="com.qa.skinyties.testscript.AddToCartTest"/>
  <testcase name="verifyHomePage" time="3.475" classname="com.qa.skinyties.testscript.AddToCartTest"/>
  <testcase name="VerifyAddToCart" time="4.341" classname="com.qa.skinyties.testscript.AddToCartTest"/>
  <testcase name="verifyAvailProduct" time="9.481" classname="com.qa.skinyties.testscript.AddToCartTest"/>
</testsuite> <!-- com.qa.skinyties.testscript.AddToCartTest -->
