<?xml version="1.0" encoding="UTF-8"?>
<!-- Generated by org.testng.reporters.JUnitReportReporter -->
<testsuite name="com.qa.skinyties.testscript.HomePageTest" tests="4" time="23.354" ignored="0" failures="0" timestamp="07 May 2021 09:15:41 GMT" skipped="0" hostname="IDP-LAP-145" errors="0">
  <testcase name="verifyAvailProduct" time="7.870" classname="com.qa.skinyties.testscript.HomePageTest"/>
  <testcase name="VerifyAddToCart" time="10.189" classname="com.qa.skinyties.testscript.HomePageTest"/>
  <testcase name="verifyHomePage" time="2.886" classname="com.qa.skinyties.testscript.HomePageTest"/>
  <testcase name="VerifyRemoveTieFromCart" time="2.409" classname="com.qa.skinyties.testscript.HomePageTest"/>
</testsuite> <!-- com.qa.skinyties.testscript.HomePageTest -->
