<?xml version="1.0" encoding="UTF-8"?>
<!-- Generated by org.testng.reporters.JUnitReportReporter -->
<testsuite name="com.qa.skinyties.testscript.CartTest" tests="4" time="18.484" ignored="0" failures="0" timestamp="07 May 2021 09:50:22 GMT" skipped="0" hostname="IDP-LAP-145" errors="0">
  <testcase name="VerifyRemoveTieFromCart" time="2.034" classname="com.qa.skinyties.testscript.CartTest"/>
  <testcase name="verifyHomePage" time="3.983" classname="com.qa.skinyties.testscript.CartTest"/>
  <testcase name="VerifyAddToCart" time="3.754" classname="com.qa.skinyties.testscript.CartTest"/>
  <testcase name="verifyAvailProduct" time="8.713" classname="com.qa.skinyties.testscript.CartTest"/>
</testsuite> <!-- com.qa.skinyties.testscript.CartTest -->
